[2025-11-19 10:19:58] 
--- LOGGING STARTED: Wed Nov 19 10:19:58 2025 ---
[2025-11-19 10:19:58] Storage root set to: storage_root_9001/
[2025-11-19 10:19:58] Checkpoint system initialized.
[2025-11-19 10:19:58] Lock systems and checkpoints initialized.
[2025-11-19 10:19:58] Storage Server (SS) starting up...
[2025-11-19 10:19:58] Successfully connected to NM!
[2025-11-19 10:19:58] Sending registration: REGISTER_SS 9001 9001
[2025-11-19 10:19:58] Received from NM: ACK:SS_REGISTRATION_OK 0

[2025-11-19 10:19:58] Assigned SS_ID: 0
[2025-11-19 10:19:58] Registration complete. Private command line is active.
[2025-11-19 10:19:58] [Main Thread] Starting public client server on port 9001...
[2025-11-19 10:19:58] 
--- Storage Server is now ONLINE. Listening on port 9001 ---

[2025-11-19 10:19:58] [NM-Thread] Command listener is running, waiting for NS commands.
[2025-11-19 10:19:59] [NM-Thread] Received trusted command: PING
[2025-11-19 10:20:04] [NM-Thread] Received trusted command: PING
[2025-11-19 10:20:09] [NM-Thread] Received trusted command: PING
[2025-11-19 10:20:14] [NM-Thread] Received trusted command: PING
[2025-11-19 10:20:14] 
--- LOGGING STARTED: Wed Nov 19 10:20:14 2025 ---
[2025-11-19 10:20:14] Storage root set to: storage_root_9002/
[2025-11-19 10:20:14] Checkpoint system initialized.
[2025-11-19 10:20:14] Lock systems and checkpoints initialized.
[2025-11-19 10:20:14] Storage Server (SS) starting up...
[2025-11-19 10:20:14] Successfully connected to NM!
[2025-11-19 10:20:14] Sending registration: REGISTER_SS 9002 9002
[2025-11-19 10:20:14] Received from NM: ACK:SS_REGISTRATION_OK 1

[2025-11-19 10:20:14] Assigned SS_ID: 1
[2025-11-19 10:20:14] Registration complete. Private command line is active.
[2025-11-19 10:20:14] [Main Thread] Starting public client server on port 9002...
[2025-11-19 10:20:14] [NM-Thread] Command listener is running, waiting for NS commands.
[2025-11-19 10:20:14] 
--- Storage Server is now ONLINE. Listening on port 9002 ---

[2025-11-19 10:20:19] [NM-Thread] Received trusted command: PING
[2025-11-19 10:20:19] [NM-Thread] Received trusted command: PING
[2025-11-19 10:20:24] [NM-Thread] Received trusted command: PING
[2025-11-19 10:20:24] [NM-Thread] Received trusted command: PING
[2025-11-19 10:20:29] [NM-Thread] Received trusted command: PING
[2025-11-19 10:20:29] [NM-Thread] Received trusted command: PING
[2025-11-19 10:20:34] [NM-Thread] Received trusted command: PING
[2025-11-19 10:20:34] [NM-Thread] Received trusted command: PING
[2025-11-19 10:20:39] [NM-Thread] Received trusted command: PING
[2025-11-19 10:20:39] [NM-Thread] Received trusted command: PING
[2025-11-19 10:20:44] [NM-Thread] Received trusted command: PING
[2025-11-19 10:20:44] [NM-Thread] Received trusted command: PING
[2025-11-19 10:20:49] [NM-Thread] Received trusted command: PING
[2025-11-19 10:20:49] [NM-Thread] Received trusted command: PING
[2025-11-19 10:20:54] [NM-Thread] Received trusted command: PING
[2025-11-19 10:20:54] [NM-Thread] Received trusted command: PING
[2025-11-19 10:20:59] [NM-Thread] Received trusted command: PING
[2025-11-19 10:20:59] [NM-Thread] Received trusted command: PING
[2025-11-19 10:21:04] [NM-Thread] Received trusted command: PING
[2025-11-19 10:21:04] [NM-Thread] Received trusted command: PING
[2025-11-19 10:21:09] [NM-Thread] Received trusted command: PING
[2025-11-19 10:21:09] [NM-Thread] Received trusted command: PING
[2025-11-19 10:21:14] [NM-Thread] Received trusted command: PING
[2025-11-19 10:21:14] [NM-Thread] Received trusted command: PING
[2025-11-19 10:21:19] [NM-Thread] Received trusted command: PING
[2025-11-19 10:21:19] [NM-Thread] Received trusted command: PING
[2025-11-19 10:21:24] [NM-Thread] Received trusted command: PING
[2025-11-19 10:21:24] [NM-Thread] Received trusted command: PING
[2025-11-19 10:21:29] [NM-Thread] Received trusted command: PING
[2025-11-19 10:21:29] [NM-Thread] Received trusted command: PING
[2025-11-19 10:21:34] [NM-Thread] Received trusted command: PING
[2025-11-19 10:21:34] [NM-Thread] Received trusted command: PING
[2025-11-19 10:21:36] [NM-Thread] Name Server disconnected! Command thread shutting down.
[2025-11-19 10:21:36] [NM-Thread] Name Server disconnected! Command thread shutting down.
[2025-11-19 10:23:06] 
--- LOGGING STARTED: Wed Nov 19 10:23:06 2025 ---
[2025-11-19 10:23:06] Storage root set to: storage_root_9001/
[2025-11-19 10:23:06] Checkpoint system initialized.
[2025-11-19 10:23:06] Lock systems and checkpoints initialized.
[2025-11-19 10:23:06] Storage Server (SS) starting up...
[2025-11-19 10:23:06] Successfully connected to NM!
[2025-11-19 10:23:06] Sending registration: REGISTER_SS 9001 9001
[2025-11-19 10:23:06] Received from NM: ACK:SS_REGISTRATION_OK 0

[2025-11-19 10:23:06] Assigned SS_ID: 0
[2025-11-19 10:23:06] Registration complete. Private command line is active.
[2025-11-19 10:23:06] [Main Thread] Starting public client server on port 9001...
[2025-11-19 10:23:06] [NM-Thread] Command listener is running, waiting for NS commands.
[2025-11-19 10:23:06] 
--- Storage Server is now ONLINE. Listening on port 9001 ---

[2025-11-19 10:23:08] 
--- LOGGING STARTED: Wed Nov 19 10:23:08 2025 ---
[2025-11-19 10:23:08] Storage root set to: storage_root_9002/
[2025-11-19 10:23:08] Checkpoint system initialized.
[2025-11-19 10:23:08] Lock systems and checkpoints initialized.
[2025-11-19 10:23:08] Storage Server (SS) starting up...
[2025-11-19 10:23:08] Successfully connected to NM!
[2025-11-19 10:23:08] Sending registration: REGISTER_SS 9002 9002
[2025-11-19 10:23:08] Received from NM: ACK:SS_REGISTRATION_OK 1

[2025-11-19 10:23:08] Assigned SS_ID: 1
[2025-11-19 10:23:08] Registration complete. Private command line is active.
[2025-11-19 10:23:08] [Main Thread] Starting public client server on port 9002...
[2025-11-19 10:23:08] [NM-Thread] Command listener is running, waiting for NS commands.
[2025-11-19 10:23:08] 
--- Storage Server is now ONLINE. Listening on port 9002 ---

[2025-11-19 10:23:09] [NM-Thread] Received trusted command: PING
[2025-11-19 10:23:09] [NM-Thread] Received trusted command: PING
[2025-11-19 10:23:14] [NM-Thread] Received trusted command: PING
[2025-11-19 10:23:16] 
--- LOGGING STARTED: Wed Nov 19 10:23:16 2025 ---
[2025-11-19 10:23:16] Storage root set to: storage_root_9001/
[2025-11-19 10:23:16] Checkpoint system initialized.
[2025-11-19 10:23:16] Lock systems and checkpoints initialized.
[2025-11-19 10:23:16] Storage Server (SS) starting up...
[2025-11-19 10:23:16] Successfully connected to NM!
[2025-11-19 10:23:16] Sending registration: REGISTER_SS 9001 9001
[2025-11-19 10:23:16] Received from NM: ACK:SS_REGISTRATION_OK 2

[2025-11-19 10:23:16] Assigned SS_ID: 2
[2025-11-19 10:23:16] Registration complete. Private command line is active.
[2025-11-19 10:23:16] [Main Thread] Starting public client server on port 9001...
[2025-11-19 10:23:16] [NM-Thread] Command listener is running, waiting for NS commands.
[2025-11-19 10:23:16] 
--- Storage Server is now ONLINE. Listening on port 9001 ---

[2025-11-19 10:23:19] [NM-Thread] Received trusted command: PING
[2025-11-19 10:23:19] [NM-Thread] Received trusted command: PING
[2025-11-19 10:23:21] [NM-Thread] Name Server disconnected! Command thread shutting down.
